Command line:
   RemachadorElec_isim_beh.exe
     -simmode  gui
     -simrunnum  0
     -socket  51648

Sun Jan 02 17:22:40 2022


 Elaboration Time: 0.15625 sec

 Current Memory Usage: 5804.32 Meg

 Total Signals          : 15
 Total Nets             : 15
 Total Signal Drivers   : 9
 Total Blocks           : 2
 Total Primitive Blocks : 2
 Total Processes        : 2
 Total Traceable Variables  : 8
 Total Scalar Nets and Variables : 375
Total Line Count : 28

 Total Simulation Time: 0.40625 sec

 Current Memory Usage: 4703.32 Meg

Sun Jan 02 17:27:05 2022

