Command line:
   TB_isim_beh.exe
     -simmode  gui
     -simrunnum  0
     -socket  63717

Sun Jan 02 23:31:59 2022


 Elaboration Time: 0.078125 sec

 Current Memory Usage: 5150.19 Meg

 Total Signals          : 34
 Total Nets             : 18
 Total Signal Drivers   : 13
 Total Blocks           : 3
 Total Primitive Blocks : 2
 Total Processes        : 4
 Total Traceable Variables  : 9
 Total Scalar Nets and Variables : 379
Total Line Count : 42

 Total Simulation Time: 0.3125 sec

 Current Memory Usage: 4678.33 Meg

Sun Jan 02 23:36:46 2022

