Command line:
   contestadoraTB_isim_beh.exe
     -simmode  gui
     -simrunnum  0
     -socket  64655

Sun Jan 02 18:25:54 2022


 Elaboration Time: 0.078125 sec

 Current Memory Usage: 5149.74 Meg

 Total Signals          : 24
 Total Nets             : 13
 Total Signal Drivers   : 11
 Total Blocks           : 5
 Total Primitive Blocks : 4
 Total Processes        : 4
 Total Traceable Variables  : 11
 Total Scalar Nets and Variables : 392
Total Line Count : 29

 Total Simulation Time: 0.71875 sec

 Current Memory Usage: 4992.45 Meg

Sun Jan 02 18:27:08 2022

